# JRE version: OpenJDK Runtime Environment Temurin-17.0.1+12 (17.0.1+12) (build 17.0.1+12)
# Java VM: OpenJDK 64-Bit Server VM Temurin-17.0.1+12 (17.0.1+12, mixed mode, tiered, compressed oops, compressed class ptrs, parallel gc, windows-amd64)
GC Precious Log:
 CPUs: 4 total, 4 available
 Memory: 8040M
 Large Page Support: Disabled
 NUMA Support: Disabled
 Compressed Oops: Enabled (32-bit)
 Alignments: Space 512K, Generation 512K, Heap 2M
 Heap Min Capacity: 100M
 Heap Initial Capacity: 100M
 Heap Max Capacity: 1G
 Pre-touch: Disabled
 Parallel Workers: 4
Heap:
 PSYoungGen      total 21504K, used 13098K [0x00000000eab00000, 0x00000000ec980000, 0x0000000100000000)
  eden space 19456K, 56% used [0x00000000eab00000,0x00000000eb5cdfe8,0x00000000ebe00000)
  from space 2048K, 99% used [0x00000000ec280000,0x00000000ec47cb18,0x00000000ec480000)
  to   space 4608K, 0% used [0x00000000ebe00000,0x00000000ebe00000,0x00000000ec280000)
 ParOldGen       total 68608K, used 21965K [0x00000000c0000000, 0x00000000c4300000, 0x00000000eab00000)
  object space 68608K, 32% used [0x00000000c0000000,0x00000000c1573788,0x00000000c4300000)
 Metaspace       used 51521K, committed 52352K, reserved 1097728K
  class space    used 5609K, committed 6016K, reserved 1048576K
GC Heap History (20 events):
Event: 3.182 GC heap before
{Heap before GC invocations=9 (full 1):
 PSYoungGen      total 25600K, used 22937K [0x00000000eab00000, 0x00000000eca80000, 0x0000000100000000)
  eden space 24064K, 89% used [0x00000000eab00000,0x00000000ebfeafb0,0x00000000ec280000)
  from space 1536K, 98% used [0x00000000ec480000,0x00000000ec5fb528,0x00000000ec600000)
  to   space 4096K, 0% used [0x00000000ec680000,0x00000000ec680000,0x00000000eca80000)
 ParOldGen       total 68608K, used 11782K [0x00000000c0000000, 0x00000000c4300000, 0x00000000eab00000)
  object space 68608K, 17% used [0x00000000c0000000,0x00000000c0b81848,0x00000000c4300000)
 Metaspace       used 35146K, committed 35840K, reserved 1081344K
  class space    used 3656K, committed 3968K, reserved 1048576K
}
Event: 3.186 GC heap after
{Heap after GC invocations=9 (full 1):
 PSYoungGen      total 27136K, used 2699K [0x00000000eab00000, 0x00000000ec980000, 0x0000000100000000)
  eden space 24064K, 0% used [0x00000000eab00000,0x00000000eab00000,0x00000000ec280000)
  from space 3072K, 87% used [0x00000000ec680000,0x00000000ec922e50,0x00000000ec980000)
  to   space 3072K, 0% used [0x00000000ec380000,0x00000000ec380000,0x00000000ec680000)
 ParOldGen       total 68608K, used 11790K [0x00000000c0000000, 0x00000000c4300000, 0x00000000eab00000)
  object space 68608K, 17% used [0x00000000c0000000,0x00000000c0b83848,0x00000000c4300000)
 Metaspace       used 35146K, committed 35840K, reserved 1081344K
  class space    used 3656K, committed 3968K, reserved 1048576K
}
Event: 3.186 GC heap before
{Heap before GC invocations=10 (full 2):
 PSYoungGen      total 27136K, used 2699K [0x00000000eab00000, 0x00000000ec980000, 0x0000000100000000)
  eden space 24064K, 0% used [0x00000000eab00000,0x00000000eab00000,0x00000000ec280000)
  from space 3072K, 87% used [0x00000000ec680000,0x00000000ec922e50,0x00000000ec980000)
  to   space 3072K, 0% used [0x00000000ec380000,0x00000000ec380000,0x00000000ec680000)
 ParOldGen       total 68608K, used 11790K [0x00000000c0000000, 0x00000000c4300000, 0x00000000eab00000)
  object space 68608K, 17% used [0x00000000c0000000,0x00000000c0b83848,0x00000000c4300000)
 Metaspace       used 35146K, committed 35840K, reserved 1081344K
  class space    used 3656K, committed 3968K, reserved 1048576K
}
Event: 3.227 GC heap after
{Heap after GC invocations=10 (full 2):
 PSYoungGen      total 27136K, used 0K [0x00000000eab00000, 0x00000000ec980000, 0x0000000100000000)
  eden space 24064K, 0% used [0x00000000eab00000,0x00000000eab00000,0x00000000ec280000)
  from space 3072K, 0% used [0x00000000ec680000,0x00000000ec680000,0x00000000ec980000)
  to   space 3072K, 0% used [0x00000000ec380000,0x00000000ec380000,0x00000000ec680000)
 ParOldGen       total 68608K, used 12725K [0x00000000c0000000, 0x00000000c4300000, 0x00000000eab00000)
  object space 68608K, 18% used [0x00000000c0000000,0x00000000c0c6d588,0x00000000c4300000)
 Metaspace       used 35146K, committed 35840K, reserved 1081344K
  class space    used 3656K, committed 3968K, reserved 1048576K
}
Event: 3.575 GC heap before
{Heap before GC invocations=11 (full 2):
 PSYoungGen      total 27136K, used 24064K [0x00000000eab00000, 0x00000000ec980000, 0x0000000100000000)
  eden space 24064K, 100% used [0x00000000eab00000,0x00000000ec280000,0x00000000ec280000)
  from space 3072K, 0% used [0x00000000ec680000,0x00000000ec680000,0x00000000ec980000)
  to   space 3072K, 0% used [0x00000000ec380000,0x00000000ec380000,0x00000000ec680000)
 ParOldGen       total 68608K, used 12725K [0x00000000c0000000, 0x00000000c4300000, 0x00000000eab00000)
  object space 68608K, 18% used [0x00000000c0000000,0x00000000c0c6d588,0x00000000c4300000)
 Metaspace       used 37675K, committed 38400K, reserved 1089536K
  class space    used 3998K, committed 4288K, reserved 1048576K
}
Event: 3.577 GC heap after
{Heap after GC invocations=11 (full 2):
 PSYoungGen      total 25088K, used 1120K [0x00000000eab00000, 0x00000000ec700000, 0x0000000100000000)
  eden space 23552K, 0% used [0x00000000eab00000,0x00000000eab00000,0x00000000ec200000)
  from space 1536K, 72% used [0x00000000ec380000,0x00000000ec498178,0x00000000ec500000)
  to   space 2048K, 0% used [0x00000000ec500000,0x00000000ec500000,0x00000000ec700000)
 ParOldGen       total 68608K, used 12733K [0x00000000c0000000, 0x00000000c4300000, 0x00000000eab00000)
  object space 68608K, 18% used [0x00000000c0000000,0x00000000c0c6f588,0x00000000c4300000)
 Metaspace       used 37675K, committed 38400K, reserved 1089536K
  class space    used 3998K, committed 4288K, reserved 1048576K
}
Event: 3.916 GC heap before
{Heap before GC invocations=12 (full 2):
 PSYoungGen      total 25088K, used 24672K [0x00000000eab00000, 0x00000000ec700000, 0x0000000100000000)
  eden space 23552K, 100% used [0x00000000eab00000,0x00000000ec200000,0x00000000ec200000)
  from space 1536K, 72% used [0x00000000ec380000,0x00000000ec498178,0x00000000ec500000)
  to   space 2048K, 0% used [0x00000000ec500000,0x00000000ec500000,0x00000000ec700000)
 ParOldGen       total 68608K, used 12733K [0x00000000c0000000, 0x00000000c4300000, 0x00000000eab00000)
  object space 68608K, 18% used [0x00000000c0000000,0x00000000c0c6f588,0x00000000c4300000)
 Metaspace       used 40862K, committed 41600K, reserved 1089536K
  class space    used 4371K, committed 4672K, reserved 1048576K
}
Event: 3.918 GC heap after
{Heap after GC invocations=12 (full 2):
 PSYoungGen      total 25088K, used 1968K [0x00000000eab00000, 0x00000000ec700000, 0x0000000100000000)
  eden space 23040K, 0% used [0x00000000eab00000,0x00000000eab00000,0x00000000ec180000)
  from space 2048K, 96% used [0x00000000ec500000,0x00000000ec6ec188,0x00000000ec700000)
  to   space 2560K, 0% used [0x00000000ec200000,0x00000000ec200000,0x00000000ec480000)
 ParOldGen       total 68608K, used 12741K [0x00000000c0000000, 0x00000000c4300000, 0x00000000eab00000)
  object space 68608K, 18% used [0x00000000c0000000,0x00000000c0c71588,0x00000000c4300000)
 Metaspace       used 40862K, committed 41600K, reserved 1089536K
  class space    used 4371K, committed 4672K, reserved 1048576K
}
Event: 4.237 GC heap before
{Heap before GC invocations=13 (full 2):
 PSYoungGen      total 25088K, used 25008K [0x00000000eab00000, 0x00000000ec700000, 0x0000000100000000)
  eden space 23040K, 100% used [0x00000000eab00000,0x00000000ec180000,0x00000000ec180000)
  from space 2048K, 96% used [0x00000000ec500000,0x00000000ec6ec188,0x00000000ec700000)
  to   space 2560K, 0% used [0x00000000ec200000,0x00000000ec200000,0x00000000ec480000)
 ParOldGen       total 68608K, used 12741K [0x00000000c0000000, 0x00000000c4300000, 0x00000000eab00000)
  object space 68608K, 18% used [0x00000000c0000000,0x00000000c0c71588,0x00000000c4300000)
 Metaspace       used 43028K, committed 43712K, reserved 1089536K
  class space    used 4633K, committed 4928K, reserved 1048576K
}
Event: 4.242 GC heap after
{Heap after GC invocations=13 (full 2):
 PSYoungGen      total 24064K, used 1088K [0x00000000eab00000, 0x00000000ec580000, 0x0000000100000000)
  eden space 22528K, 0% used [0x00000000eab00000,0x00000000eab00000,0x00000000ec100000)
  from space 1536K, 70% used [0x00000000ec200000,0x00000000ec310000,0x00000000ec380000)
  to   space 1536K, 0% used [0x00000000ec400000,0x00000000ec400000,0x00000000ec580000)
 ParOldGen       total 68608K, used 14618K [0x00000000c0000000, 0x00000000c4300000, 0x00000000eab00000)
  object space 68608K, 21% used [0x00000000c0000000,0x00000000c0e46af0,0x00000000c4300000)
 Metaspace       used 43028K, committed 43712K, reserved 1089536K
  class space    used 4633K, committed 4928K, reserved 1048576K
}
Event: 4.645 GC heap before
{Heap before GC invocations=14 (full 2):
 PSYoungGen      total 24064K, used 23616K [0x00000000eab00000, 0x00000000ec580000, 0x0000000100000000)
  eden space 22528K, 100% used [0x00000000eab00000,0x00000000ec100000,0x00000000ec100000)
  from space 1536K, 70% used [0x00000000ec200000,0x00000000ec310000,0x00000000ec380000)
  to   space 1536K, 0% used [0x00000000ec400000,0x00000000ec400000,0x00000000ec580000)
 ParOldGen       total 68608K, used 14618K [0x00000000c0000000, 0x00000000c4300000, 0x00000000eab00000)
  object space 68608K, 21% used [0x00000000c0000000,0x00000000c0e46af0,0x00000000c4300000)
 Metaspace       used 46157K, committed 46912K, reserved 1097728K
  class space    used 4994K, committed 5312K, reserved 1048576K
}
Event: 4.650 GC heap after
{Heap after GC invocations=14 (full 2):
 PSYoungGen      total 23552K, used 1536K [0x00000000eab00000, 0x00000000ec680000, 0x0000000100000000)
  eden space 22016K, 0% used [0x00000000eab00000,0x00000000eab00000,0x00000000ec080000)
  from space 1536K, 100% used [0x00000000ec400000,0x00000000ec580000,0x00000000ec580000)
  to   space 3072K, 0% used [0x00000000ec080000,0x00000000ec080000,0x00000000ec380000)
 ParOldGen       total 68608K, used 15601K [0x00000000c0000000, 0x00000000c4300000, 0x00000000eab00000)
  object space 68608K, 22% used [0x00000000c0000000,0x00000000c0f3c7f0,0x00000000c4300000)
 Metaspace       used 46157K, committed 46912K, reserved 1097728K
  class space    used 4994K, committed 5312K, reserved 1048576K
}
Event: 5.029 GC heap before
{Heap before GC invocations=15 (full 2):
 PSYoungGen      total 23552K, used 23552K [0x00000000eab00000, 0x00000000ec680000, 0x0000000100000000)
  eden space 22016K, 100% used [0x00000000eab00000,0x00000000ec080000,0x00000000ec080000)
  from space 1536K, 100% used [0x00000000ec400000,0x00000000ec580000,0x00000000ec580000)
  to   space 3072K, 0% used [0x00000000ec080000,0x00000000ec080000,0x00000000ec380000)
 ParOldGen       total 68608K, used 15601K [0x00000000c0000000, 0x00000000c4300000, 0x00000000eab00000)
  object space 68608K, 22% used [0x00000000c0000000,0x00000000c0f3c7f0,0x00000000c4300000)
 Metaspace       used 48573K, committed 49408K, reserved 1097728K
  class space    used 5254K, committed 5632K, reserved 1048576K
}
Event: 5.033 GC heap after
{Heap after GC invocations=15 (full 2):
 PSYoungGen      total 23552K, used 1280K [0x00000000eab00000, 0x00000000ec480000, 0x0000000100000000)
  eden space 22016K, 0% used [0x00000000eab00000,0x00000000eab00000,0x00000000ec080000)
  from space 1536K, 83% used [0x00000000ec080000,0x00000000ec1c0020,0x00000000ec200000)
  to   space 2048K, 0% used [0x00000000ec280000,0x00000000ec280000,0x00000000ec480000)
 ParOldGen       total 68608K, used 17131K [0x00000000c0000000, 0x00000000c4300000, 0x00000000eab00000)
  object space 68608K, 24% used [0x00000000c0000000,0x00000000c10baea0,0x00000000c4300000)
 Metaspace       used 48573K, committed 49408K, reserved 1097728K
  class space    used 5254K, committed 5632K, reserved 1048576K
}
Event: 5.198 GC heap before
{Heap before GC invocations=16 (full 2):
 PSYoungGen      total 23552K, used 23296K [0x00000000eab00000, 0x00000000ec480000, 0x0000000100000000)
  eden space 22016K, 100% used [0x00000000eab00000,0x00000000ec080000,0x00000000ec080000)
  from space 1536K, 83% used [0x00000000ec080000,0x00000000ec1c0020,0x00000000ec200000)
  to   space 2048K, 0% used [0x00000000ec280000,0x00000000ec280000,0x00000000ec480000)
 ParOldGen       total 68608K, used 17131K [0x00000000c0000000, 0x00000000c4300000, 0x00000000eab00000)
  object space 68608K, 24% used [0x00000000c0000000,0x00000000c10baea0,0x00000000c4300000)
 Metaspace       used 49698K, committed 50496K, reserved 1097728K
  class space    used 5400K, committed 5760K, reserved 1048576K
}
Event: 5.206 GC heap after
{Heap after GC invocations=16 (full 2):
 PSYoungGen      total 24064K, used 1856K [0x00000000eab00000, 0x00000000ec480000, 0x0000000100000000)
  eden space 22016K, 0% used [0x00000000eab00000,0x00000000eab00000,0x00000000ec080000)
  from space 2048K, 90% used [0x00000000ec280000,0x00000000ec450010,0x00000000ec480000)
  to   space 2048K, 0% used [0x00000000ec080000,0x00000000ec080000,0x00000000ec280000)
 ParOldGen       total 68608K, used 18343K [0x00000000c0000000, 0x00000000c4300000, 0x00000000eab00000)
  object space 68608K, 26% used [0x00000000c0000000,0x00000000c11e9ed0,0x00000000c4300000)
 Metaspace       used 49698K, committed 50496K, reserved 1097728K
  class space    used 5400K, committed 5760K, reserved 1048576K
}
Event: 5.344 GC heap before
{Heap before GC invocations=17 (full 2):
 PSYoungGen      total 24064K, used 23872K [0x00000000eab00000, 0x00000000ec480000, 0x0000000100000000)
  eden space 22016K, 100% used [0x00000000eab00000,0x00000000ec080000,0x00000000ec080000)
  from space 2048K, 90% used [0x00000000ec280000,0x00000000ec450010,0x00000000ec480000)
  to   space 2048K, 0% used [0x00000000ec080000,0x00000000ec080000,0x00000000ec280000)
 ParOldGen       total 68608K, used 18343K [0x00000000c0000000, 0x00000000c4300000, 0x00000000eab00000)
  object space 68608K, 26% used [0x00000000c0000000,0x00000000c11e9ed0,0x00000000c4300000)
 Metaspace       used 50112K, committed 50944K, reserved 1097728K
  class space    used 5447K, committed 5824K, reserved 1048576K
}
Event: 5.348 GC heap after
{Heap after GC invocations=17 (full 2):
 PSYoungGen      total 24064K, used 1984K [0x00000000eab00000, 0x00000000ec480000, 0x0000000100000000)
  eden space 22016K, 0% used [0x00000000eab00000,0x00000000eab00000,0x00000000ec080000)
  from space 2048K, 96% used [0x00000000ec080000,0x00000000ec270030,0x00000000ec280000)
  to   space 2048K, 0% used [0x00000000ec280000,0x00000000ec280000,0x00000000ec480000)
 ParOldGen       total 68608K, used 20021K [0x00000000c0000000, 0x00000000c4300000, 0x00000000eab00000)
  object space 68608K, 29% used [0x00000000c0000000,0x00000000c138d728,0x00000000c4300000)
 Metaspace       used 50112K, committed 50944K, reserved 1097728K
  class space    used 5447K, committed 5824K, reserved 1048576K
}
Event: 5.456 GC heap before
{Heap before GC invocations=18 (full 2):
 PSYoungGen      total 24064K, used 24000K [0x00000000eab00000, 0x00000000ec480000, 0x0000000100000000)
  eden space 22016K, 100% used [0x00000000eab00000,0x00000000ec080000,0x00000000ec080000)
  from space 2048K, 96% used [0x00000000ec080000,0x00000000ec270030,0x00000000ec280000)
  to   space 2048K, 0% used [0x00000000ec280000,0x00000000ec280000,0x00000000ec480000)
 ParOldGen       total 68608K, used 20021K [0x00000000c0000000, 0x00000000c4300000, 0x00000000eab00000)
  object space 68608K, 29% used [0x00000000c0000000,0x00000000c138d728,0x00000000c4300000)
 Metaspace       used 50202K, committed 51008K, reserved 1097728K
  class space    used 5451K, committed 5824K, reserved 1048576K
}
Event: 5.459 GC heap after
{Heap after GC invocations=18 (full 2):
 PSYoungGen      total 21504K, used 2034K [0x00000000eab00000, 0x00000000ec980000, 0x0000000100000000)
  eden space 19456K, 0% used [0x00000000eab00000,0x00000000eab00000,0x00000000ebe00000)
  from space 2048K, 99% used [0x00000000ec280000,0x00000000ec47cb18,0x00000000ec480000)
  to   space 4608K, 0% used [0x00000000ebe00000,0x00000000ebe00000,0x00000000ec280000)
 ParOldGen       total 68608K, used 21965K [0x00000000c0000000, 0x00000000c4300000, 0x00000000eab00000)
  object space 68608K, 32% used [0x00000000c0000000,0x00000000c1573788,0x00000000c4300000)
 Metaspace       used 50202K, committed 51008K, reserved 1097728K
  class space    used 5451K, committed 5824K, reserved 1048576K
}

