# JRE version: OpenJDK Runtime Environment Temurin-17.0.1+12 (17.0.1+12) (build 17.0.1+12)
# Java VM: OpenJDK 64-Bit Server VM Temurin-17.0.1+12 (17.0.1+12, mixed mode, tiered, compressed oops, compressed class ptrs, parallel gc, windows-amd64)
GC Precious Log:
 CPUs: 4 total, 4 available
 Memory: 8040M
 Large Page Support: Disabled
 NUMA Support: Disabled
 Compressed Oops: Enabled (32-bit)
 Alignments: Space 512K, Generation 512K, Heap 2M
 Heap Min Capacity: 100M
 Heap Initial Capacity: 100M
 Heap Max Capacity: 1G
 Pre-touch: Disabled
 Parallel Workers: 4
Heap:
 PSYoungGen      total 15360K, used 5371K [0x00000000eab00000, 0x00000000ebc00000, 0x0000000100000000)
  eden space 14336K, 30% used [0x00000000eab00000,0x00000000eaf4af88,0x00000000eb900000)
  from space 1024K, 95% used [0x00000000eb980000,0x00000000eba74010,0x00000000eba80000)
  to   space 1536K, 0% used [0x00000000eba80000,0x00000000eba80000,0x00000000ebc00000)
 ParOldGen       total 68608K, used 58613K [0x00000000c0000000, 0x00000000c4300000, 0x00000000eab00000)
  object space 68608K, 85% used [0x00000000c0000000,0x00000000c393d748,0x00000000c4300000)
 Metaspace       used 65065K, committed 66048K, reserved 1114112K
  class space    used 6926K, committed 7424K, reserved 1048576K
GC Heap History (20 events):
Event: 9.644 GC heap before
{Heap before GC invocations=33 (full 3):
 PSYoungGen      total 18944K, used 18874K [0x00000000eab00000, 0x00000000ec280000, 0x0000000100000000)
  eden space 15872K, 100% used [0x00000000eab00000,0x00000000eba80000,0x00000000eba80000)
  from space 3072K, 97% used [0x00000000eba80000,0x00000000ebd6e828,0x00000000ebd80000)
  to   space 4096K, 0% used [0x00000000ebe80000,0x00000000ebe80000,0x00000000ec280000)
 ParOldGen       total 68608K, used 41057K [0x00000000c0000000, 0x00000000c4300000, 0x00000000eab00000)
  object space 68608K, 59% used [0x00000000c0000000,0x00000000c28185c8,0x00000000c4300000)
 Metaspace       used 61202K, committed 62208K, reserved 1105920K
  class space    used 6627K, committed 7104K, reserved 1048576K
}
Event: 9.649 GC heap after
{Heap after GC invocations=33 (full 3):
 PSYoungGen      total 16896K, used 960K [0x00000000eab00000, 0x00000000ebf80000, 0x0000000100000000)
  eden space 15872K, 0% used [0x00000000eab00000,0x00000000eab00000,0x00000000eba80000)
  from space 1024K, 93% used [0x00000000ebe80000,0x00000000ebf70000,0x00000000ebf80000)
  to   space 2048K, 0% used [0x00000000ebb80000,0x00000000ebb80000,0x00000000ebd80000)
 ParOldGen       total 68608K, used 43969K [0x00000000c0000000, 0x00000000c4300000, 0x00000000eab00000)
  object space 68608K, 64% used [0x00000000c0000000,0x00000000c2af0538,0x00000000c4300000)
 Metaspace       used 61202K, committed 62208K, reserved 1105920K
  class space    used 6627K, committed 7104K, reserved 1048576K
}
Event: 9.818 GC heap before
{Heap before GC invocations=34 (full 3):
 PSYoungGen      total 16896K, used 16832K [0x00000000eab00000, 0x00000000ebf80000, 0x0000000100000000)
  eden space 15872K, 100% used [0x00000000eab00000,0x00000000eba80000,0x00000000eba80000)
  from space 1024K, 93% used [0x00000000ebe80000,0x00000000ebf70000,0x00000000ebf80000)
  to   space 2048K, 0% used [0x00000000ebb80000,0x00000000ebb80000,0x00000000ebd80000)
 ParOldGen       total 68608K, used 43969K [0x00000000c0000000, 0x00000000c4300000, 0x00000000eab00000)
  object space 68608K, 64% used [0x00000000c0000000,0x00000000c2af0538,0x00000000c4300000)
 Metaspace       used 61482K, committed 62464K, reserved 1105920K
  class space    used 6643K, committed 7104K, reserved 1048576K
}
Event: 9.822 GC heap after
{Heap after GC invocations=34 (full 3):
 PSYoungGen      total 17920K, used 1952K [0x00000000eab00000, 0x00000000ebf80000, 0x0000000100000000)
  eden space 15872K, 0% used [0x00000000eab00000,0x00000000eab00000,0x00000000eba80000)
  from space 2048K, 95% used [0x00000000ebb80000,0x00000000ebd68000,0x00000000ebd80000)
  to   space 2048K, 0% used [0x00000000ebd80000,0x00000000ebd80000,0x00000000ebf80000)
 ParOldGen       total 68608K, used 44861K [0x00000000c0000000, 0x00000000c4300000, 0x00000000eab00000)
  object space 68608K, 65% used [0x00000000c0000000,0x00000000c2bcf588,0x00000000c4300000)
 Metaspace       used 61482K, committed 62464K, reserved 1105920K
  class space    used 6643K, committed 7104K, reserved 1048576K
}
Event: 10.030 GC heap before
{Heap before GC invocations=35 (full 3):
 PSYoungGen      total 17920K, used 17824K [0x00000000eab00000, 0x00000000ebf80000, 0x0000000100000000)
  eden space 15872K, 100% used [0x00000000eab00000,0x00000000eba80000,0x00000000eba80000)
  from space 2048K, 95% used [0x00000000ebb80000,0x00000000ebd68000,0x00000000ebd80000)
  to   space 2048K, 0% used [0x00000000ebd80000,0x00000000ebd80000,0x00000000ebf80000)
 ParOldGen       total 68608K, used 44861K [0x00000000c0000000, 0x00000000c4300000, 0x00000000eab00000)
  object space 68608K, 65% used [0x00000000c0000000,0x00000000c2bcf588,0x00000000c4300000)
 Metaspace       used 61799K, committed 62848K, reserved 1105920K
  class space    used 6667K, committed 7168K, reserved 1048576K
}
Event: 10.034 GC heap after
{Heap after GC invocations=35 (full 3):
 PSYoungGen      total 17920K, used 1962K [0x00000000eab00000, 0x00000000ebf80000, 0x0000000100000000)
  eden space 15872K, 0% used [0x00000000eab00000,0x00000000eab00000,0x00000000eba80000)
  from space 2048K, 95% used [0x00000000ebd80000,0x00000000ebf6aa08,0x00000000ebf80000)
  to   space 2048K, 0% used [0x00000000ebb80000,0x00000000ebb80000,0x00000000ebd80000)
 ParOldGen       total 68608K, used 47121K [0x00000000c0000000, 0x00000000c4300000, 0x00000000eab00000)
  object space 68608K, 68% used [0x00000000c0000000,0x00000000c2e04610,0x00000000c4300000)
 Metaspace       used 61799K, committed 62848K, reserved 1105920K
  class space    used 6667K, committed 7168K, reserved 1048576K
}
Event: 10.431 GC heap before
{Heap before GC invocations=36 (full 3):
 PSYoungGen      total 17920K, used 17834K [0x00000000eab00000, 0x00000000ebf80000, 0x0000000100000000)
  eden space 15872K, 100% used [0x00000000eab00000,0x00000000eba80000,0x00000000eba80000)
  from space 2048K, 95% used [0x00000000ebd80000,0x00000000ebf6aa08,0x00000000ebf80000)
  to   space 2048K, 0% used [0x00000000ebb80000,0x00000000ebb80000,0x00000000ebd80000)
 ParOldGen       total 68608K, used 47121K [0x00000000c0000000, 0x00000000c4300000, 0x00000000eab00000)
  object space 68608K, 68% used [0x00000000c0000000,0x00000000c2e04610,0x00000000c4300000)
 Metaspace       used 62578K, committed 63616K, reserved 1105920K
  class space    used 6729K, committed 7232K, reserved 1048576K
}
Event: 10.438 GC heap after
{Heap after GC invocations=36 (full 3):
 PSYoungGen      total 17920K, used 1957K [0x00000000eab00000, 0x00000000ebe80000, 0x0000000100000000)
  eden space 15872K, 0% used [0x00000000eab00000,0x00000000eab00000,0x00000000eba80000)
  from space 2048K, 95% used [0x00000000ebb80000,0x00000000ebd696d0,0x00000000ebd80000)
  to   space 1024K, 0% used [0x00000000ebd80000,0x00000000ebd80000,0x00000000ebe80000)
 ParOldGen       total 68608K, used 48992K [0x00000000c0000000, 0x00000000c4300000, 0x00000000eab00000)
  object space 68608K, 71% used [0x00000000c0000000,0x00000000c2fd81a8,0x00000000c4300000)
 Metaspace       used 62578K, committed 63616K, reserved 1105920K
  class space    used 6729K, committed 7232K, reserved 1048576K
}
Event: 10.912 GC heap before
{Heap before GC invocations=37 (full 3):
 PSYoungGen      total 17920K, used 17740K [0x00000000eab00000, 0x00000000ebe80000, 0x0000000100000000)
  eden space 15872K, 99% used [0x00000000eab00000,0x00000000eba69ab8,0x00000000eba80000)
  from space 2048K, 95% used [0x00000000ebb80000,0x00000000ebd696d0,0x00000000ebd80000)
  to   space 1024K, 0% used [0x00000000ebd80000,0x00000000ebd80000,0x00000000ebe80000)
 ParOldGen       total 68608K, used 48992K [0x00000000c0000000, 0x00000000c4300000, 0x00000000eab00000)
  object space 68608K, 71% used [0x00000000c0000000,0x00000000c2fd81a8,0x00000000c4300000)
 Metaspace       used 63626K, committed 64576K, reserved 1114112K
  class space    used 6828K, committed 7296K, reserved 1048576K
}
Event: 10.918 GC heap after
{Heap after GC invocations=37 (full 3):
 PSYoungGen      total 15360K, used 1021K [0x00000000eab00000, 0x00000000ec380000, 0x0000000100000000)
  eden space 14336K, 0% used [0x00000000eab00000,0x00000000eab00000,0x00000000eb900000)
  from space 1024K, 99% used [0x00000000ebd80000,0x00000000ebe7f6b8,0x00000000ebe80000)
  to   space 4608K, 0% used [0x00000000eb900000,0x00000000eb900000,0x00000000ebd80000)
 ParOldGen       total 68608K, used 51765K [0x00000000c0000000, 0x00000000c4300000, 0x00000000eab00000)
  object space 68608K, 75% used [0x00000000c0000000,0x00000000c328d568,0x00000000c4300000)
 Metaspace       used 63626K, committed 64576K, reserved 1114112K
  class space    used 6828K, committed 7296K, reserved 1048576K
}
Event: 11.143 GC heap before
{Heap before GC invocations=38 (full 3):
 PSYoungGen      total 15360K, used 15357K [0x00000000eab00000, 0x00000000ec380000, 0x0000000100000000)
  eden space 14336K, 100% used [0x00000000eab00000,0x00000000eb900000,0x00000000eb900000)
  from space 1024K, 99% used [0x00000000ebd80000,0x00000000ebe7f6b8,0x00000000ebe80000)
  to   space 4608K, 0% used [0x00000000eb900000,0x00000000eb900000,0x00000000ebd80000)
 ParOldGen       total 68608K, used 51765K [0x00000000c0000000, 0x00000000c4300000, 0x00000000eab00000)
  object space 68608K, 75% used [0x00000000c0000000,0x00000000c328d568,0x00000000c4300000)
 Metaspace       used 64428K, committed 65408K, reserved 1114112K
  class space    used 6894K, committed 7360K, reserved 1048576K
}
Event: 11.146 GC heap after
{Heap after GC invocations=38 (full 3):
 PSYoungGen      total 16896K, used 2359K [0x00000000eab00000, 0x00000000ebf00000, 0x0000000100000000)
  eden space 14336K, 0% used [0x00000000eab00000,0x00000000eab00000,0x00000000eb900000)
  from space 2560K, 92% used [0x00000000eb900000,0x00000000ebb4de08,0x00000000ebb80000)
  to   space 3072K, 0% used [0x00000000ebc00000,0x00000000ebc00000,0x00000000ebf00000)
 ParOldGen       total 68608K, used 52797K [0x00000000c0000000, 0x00000000c4300000, 0x00000000eab00000)
  object space 68608K, 76% used [0x00000000c0000000,0x00000000c338f400,0x00000000c4300000)
 Metaspace       used 64428K, committed 65408K, reserved 1114112K
  class space    used 6894K, committed 7360K, reserved 1048576K
}
Event: 11.296 GC heap before
{Heap before GC invocations=39 (full 3):
 PSYoungGen      total 16896K, used 16695K [0x00000000eab00000, 0x00000000ebf00000, 0x0000000100000000)
  eden space 14336K, 100% used [0x00000000eab00000,0x00000000eb900000,0x00000000eb900000)
  from space 2560K, 92% used [0x00000000eb900000,0x00000000ebb4de08,0x00000000ebb80000)
  to   space 3072K, 0% used [0x00000000ebc00000,0x00000000ebc00000,0x00000000ebf00000)
 ParOldGen       total 68608K, used 52797K [0x00000000c0000000, 0x00000000c4300000, 0x00000000eab00000)
  object space 68608K, 76% used [0x00000000c0000000,0x00000000c338f400,0x00000000c4300000)
 Metaspace       used 64542K, committed 65536K, reserved 1114112K
  class space    used 6897K, committed 7360K, reserved 1048576K
}
Event: 11.302 GC heap after
{Heap after GC invocations=39 (full 3):
 PSYoungGen      total 15872K, used 1504K [0x00000000eab00000, 0x00000000ebd80000, 0x0000000100000000)
  eden space 14336K, 0% used [0x00000000eab00000,0x00000000eab00000,0x00000000eb900000)
  from space 1536K, 97% used [0x00000000ebc00000,0x00000000ebd78000,0x00000000ebd80000)
  to   space 2048K, 0% used [0x00000000eb980000,0x00000000eb980000,0x00000000ebb80000)
 ParOldGen       total 68608K, used 55001K [0x00000000c0000000, 0x00000000c4300000, 0x00000000eab00000)
  object space 68608K, 80% used [0x00000000c0000000,0x00000000c35b6570,0x00000000c4300000)
 Metaspace       used 64542K, committed 65536K, reserved 1114112K
  class space    used 6897K, committed 7360K, reserved 1048576K
}
Event: 11.449 GC heap before
{Heap before GC invocations=40 (full 3):
 PSYoungGen      total 15872K, used 15840K [0x00000000eab00000, 0x00000000ebd80000, 0x0000000100000000)
  eden space 14336K, 100% used [0x00000000eab00000,0x00000000eb900000,0x00000000eb900000)
  from space 1536K, 97% used [0x00000000ebc00000,0x00000000ebd78000,0x00000000ebd80000)
  to   space 2048K, 0% used [0x00000000eb980000,0x00000000eb980000,0x00000000ebb80000)
 ParOldGen       total 68608K, used 55001K [0x00000000c0000000, 0x00000000c4300000, 0x00000000eab00000)
  object space 68608K, 80% used [0x00000000c0000000,0x00000000c35b6570,0x00000000c4300000)
 Metaspace       used 64750K, committed 65728K, reserved 1114112K
  class space    used 6907K, committed 7360K, reserved 1048576K
}
Event: 11.452 GC heap after
{Heap after GC invocations=40 (full 3):
 PSYoungGen      total 15872K, used 1280K [0x00000000eab00000, 0x00000000ebc80000, 0x0000000100000000)
  eden space 14336K, 0% used [0x00000000eab00000,0x00000000eab00000,0x00000000eb900000)
  from space 1536K, 83% used [0x00000000eb980000,0x00000000ebac0000,0x00000000ebb00000)
  to   space 1536K, 0% used [0x00000000ebb00000,0x00000000ebb00000,0x00000000ebc80000)
 ParOldGen       total 68608K, used 56241K [0x00000000c0000000, 0x00000000c4300000, 0x00000000eab00000)
  object space 68608K, 81% used [0x00000000c0000000,0x00000000c36ec5a0,0x00000000c4300000)
 Metaspace       used 64750K, committed 65728K, reserved 1114112K
  class space    used 6907K, committed 7360K, reserved 1048576K
}
Event: 11.617 GC heap before
{Heap before GC invocations=41 (full 3):
 PSYoungGen      total 15872K, used 15616K [0x00000000eab00000, 0x00000000ebc80000, 0x0000000100000000)
  eden space 14336K, 100% used [0x00000000eab00000,0x00000000eb900000,0x00000000eb900000)
  from space 1536K, 83% used [0x00000000eb980000,0x00000000ebac0000,0x00000000ebb00000)
  to   space 1536K, 0% used [0x00000000ebb00000,0x00000000ebb00000,0x00000000ebc80000)
 ParOldGen       total 68608K, used 56241K [0x00000000c0000000, 0x00000000c4300000, 0x00000000eab00000)
  object space 68608K, 81% used [0x00000000c0000000,0x00000000c36ec5a0,0x00000000c4300000)
 Metaspace       used 64920K, committed 65920K, reserved 1114112K
  class space    used 6919K, committed 7424K, reserved 1048576K
}
Event: 11.621 GC heap after
{Heap after GC invocations=41 (full 3):
 PSYoungGen      total 15872K, used 1472K [0x00000000eab00000, 0x00000000ebc80000, 0x0000000100000000)
  eden space 14336K, 0% used [0x00000000eab00000,0x00000000eab00000,0x00000000eb900000)
  from space 1536K, 95% used [0x00000000ebb00000,0x00000000ebc70000,0x00000000ebc80000)
  to   space 1536K, 0% used [0x00000000eb980000,0x00000000eb980000,0x00000000ebb00000)
 ParOldGen       total 68608K, used 57301K [0x00000000c0000000, 0x00000000c4300000, 0x00000000eab00000)
  object space 68608K, 83% used [0x00000000c0000000,0x00000000c37f5738,0x00000000c4300000)
 Metaspace       used 64920K, committed 65920K, reserved 1114112K
  class space    used 6919K, committed 7424K, reserved 1048576K
}
Event: 11.749 GC heap before
{Heap before GC invocations=42 (full 3):
 PSYoungGen      total 15872K, used 15808K [0x00000000eab00000, 0x00000000ebc80000, 0x0000000100000000)
  eden space 14336K, 100% used [0x00000000eab00000,0x00000000eb900000,0x00000000eb900000)
  from space 1536K, 95% used [0x00000000ebb00000,0x00000000ebc70000,0x00000000ebc80000)
  to   space 1536K, 0% used [0x00000000eb980000,0x00000000eb980000,0x00000000ebb00000)
 ParOldGen       total 68608K, used 57301K [0x00000000c0000000, 0x00000000c4300000, 0x00000000eab00000)
  object space 68608K, 83% used [0x00000000c0000000,0x00000000c37f5738,0x00000000c4300000)
 Metaspace       used 65012K, committed 65984K, reserved 1114112K
  class space    used 6922K, committed 7424K, reserved 1048576K
}
Event: 11.751 GC heap after
{Heap after GC invocations=42 (full 3):
 PSYoungGen      total 15360K, used 976K [0x00000000eab00000, 0x00000000ebc00000, 0x0000000100000000)
  eden space 14336K, 0% used [0x00000000eab00000,0x00000000eab00000,0x00000000eb900000)
  from space 1024K, 95% used [0x00000000eb980000,0x00000000eba74010,0x00000000eba80000)
  to   space 1536K, 0% used [0x00000000eba80000,0x00000000eba80000,0x00000000ebc00000)
 ParOldGen       total 68608K, used 58613K [0x00000000c0000000, 0x00000000c4300000, 0x00000000eab00000)
  object space 68608K, 85% used [0x00000000c0000000,0x00000000c393d748,0x00000000c4300000)
 Metaspace       used 65012K, committed 65984K, reserved 1114112K
  class space    used 6922K, committed 7424K, reserved 1048576K
}

